TN:
SF:/home/rabbit/Media/UH/COSC4354/ne/sdp3/code/app/frontend/src/components/AssessIntro.js
FNF:0
FNH:0
DA:1,1
DA:2,1
DA:4,1
DA:8,10
LF:4
LH:4
BRF:0
BRH:0
end_of_record
TN:
SF:/home/rabbit/Media/UH/COSC4354/ne/sdp3/code/app/frontend/src/components/Courses.js
FNF:0
FNH:0
DA:1,1
DA:6,2
LF:2
LH:2
BRF:0
BRH:0
end_of_record
TN:
SF:/home/rabbit/Media/UH/COSC4354/ne/sdp3/code/app/frontend/src/components/Home.js
FNF:0
FNH:0
DA:1,1
DA:2,1
DA:10,2
LF:3
LH:3
BRF:0
BRH:0
end_of_record
TN:
SF:/home/rabbit/Media/UH/COSC4354/ne/sdp3/code/app/frontend/src/components/Login.js
FN:12,Login
FN:30,(anonymous_10)
FN:45,(anonymous_12)
FN:108,onChange
FNF:4
FNH:1
FNDA:3,Login
FNDA:0,(anonymous_10)
FNDA:0,(anonymous_12)
FNDA:0,onChange
DA:2,1
DA:3,1
DA:4,1
DA:5,1
DA:12,9
DA:14,3
DA:15,3
DA:16,3
DA:19,3
DA:24,0
DA:25,0
DA:27,0
DA:28,0
DA:30,0
DA:31,0
DA:37,0
DA:40,0
DA:41,0
DA:46,0
DA:47,0
DA:48,0
DA:49,0
DA:50,0
DA:55,0
DA:56,0
DA:58,0
DA:61,0
DA:68,3
DA:70,3
DA:71,3
DA:72,3
DA:74,3
DA:75,0
DA:76,0
DA:79,3
DA:80,3
DA:83,3
DA:108,0
LF:38
LH:17
BRDA:12,0,0,3
BRDA:12,0,1,0
BRDA:46,1,0,0
BRDA:46,1,1,0
BRDA:55,2,0,0
BRDA:55,2,1,0
BRDA:55,3,0,0
BRDA:55,3,1,0
BRDA:74,4,0,0
BRDA:74,4,1,3
BRF:10
BRH:2
end_of_record
TN:
SF:/home/rabbit/Media/UH/COSC4354/ne/sdp3/code/app/frontend/src/components/Profile.js
FNF:0
FNH:0
DA:1,1
DA:2,1
DA:10,1
LF:3
LH:3
BRF:0
BRH:0
end_of_record
TN:
SF:/home/rabbit/Media/UH/COSC4354/ne/sdp3/code/app/frontend/src/components/Prompt.js
FN:9,Prompt
FN:39,(anonymous_11)
FN:52,(anonymous_13)
FN:62,(anonymous_15)
FNF:4
FNH:1
FNDA:7,Prompt
FNDA:0,(anonymous_11)
FNDA:0,(anonymous_13)
FNDA:0,(anonymous_15)
DA:1,1
DA:2,1
DA:3,1
DA:5,1
DA:9,21
DA:11,7
DA:19,7
DA:20,7
DA:21,7
DA:22,7
DA:26,0
DA:29,1
DA:30,1
DA:33,1
DA:39,1
DA:40,0
DA:41,0
DA:46,0
DA:47,0
DA:50,0
DA:51,0
DA:52,0
DA:53,0
DA:54,0
DA:58,3
DA:59,3
DA:62,3
DA:69,0
DA:70,0
DA:71,0
DA:72,0
DA:78,2
DA:82,7
DA:83,7
LF:34
LH:20
BRDA:9,0,0,7
BRDA:9,0,1,0
BRDA:112,1,0,7
BRDA:112,1,1,0
BRDA:146,2,0,7
BRDA:146,2,1,0
BRDA:182,3,0,0
BRDA:182,3,1,7
BRF:8
BRH:4
end_of_record
TN:
SF:/home/rabbit/Media/UH/COSC4354/ne/sdp3/code/app/frontend/src/components/Quiz.js
FN:8,Quiz
FN:59,(anonymous_14)
FN:91,(anonymous_20)
FN:170,(anonymous_23)
FNF:4
FNH:1
FNDA:7,Quiz
FNDA:0,(anonymous_14)
FNDA:0,(anonymous_20)
FNDA:0,(anonymous_23)
DA:1,1
DA:2,1
DA:4,1
DA:8,21
DA:10,7
DA:20,7
DA:21,7
DA:22,7
DA:23,7
DA:24,7
DA:25,7
DA:26,7
DA:27,7
DA:30,11
DA:31,11
DA:32,0
DA:34,11
DA:35,11
DA:39,0
DA:40,0
DA:41,0
DA:45,13
DA:46,2
DA:48,11
DA:49,0
DA:51,11
DA:55,1
DA:59,1
DA:61,0
DA:62,0
DA:69,0
DA:73,0
DA:77,1
DA:78,1
DA:79,1
DA:84,0
DA:87,1
DA:88,1
DA:91,1
DA:92,0
DA:93,0
DA:95,1
DA:96,1
DA:101,1
DA:102,1
DA:103,1
DA:104,1
DA:105,1
DA:106,1
DA:107,1
DA:108,1
DA:109,1
DA:114,11
DA:115,11
DA:116,11
DA:171,0
LF:56
LH:43
BRDA:8,0,0,7
BRDA:8,0,1,0
BRDA:32,1,0,0
BRDA:32,1,1,0
BRDA:34,2,0,11
BRDA:34,2,1,0
BRDA:46,3,0,2
BRDA:46,3,1,0
BRDA:48,4,0,0
BRDA:48,4,1,11
BRDA:96,5,0,0
BRDA:96,5,1,1
BRDA:104,6,0,1
BRDA:104,6,1,0
BRDA:105,7,0,1
BRDA:105,7,1,0
BRDA:107,8,0,1
BRDA:107,8,1,0
BRDA:140,9,0,0
BRDA:140,9,1,11
BRDA:161,10,0,0
BRDA:161,10,1,11
BRDA:170,11,0,0
BRDA:170,11,1,11
BRDA:179,12,0,0
BRDA:179,12,1,0
BRDA:201,13,0,10
BRDA:201,13,1,1
BRDA:211,14,0,0
BRDA:211,14,1,11
BRDA:211,15,0,0
BRDA:211,15,1,11
BRF:32
BRH:15
end_of_record
TN:
SF:/home/rabbit/Media/UH/COSC4354/ne/sdp3/code/app/frontend/src/components/RecordPage.js
FN:12,RecordPage
FN:32,(anonymous_10)
FN:47,(anonymous_13)
FN:56,(anonymous_15)
FN:70,(anonymous_17)
FN:83,onUploadProgress
FN:88,(anonymous_19)
FNF:7
FNH:1
FNDA:3,RecordPage
FNDA:0,(anonymous_10)
FNDA:0,(anonymous_13)
FNDA:0,(anonymous_15)
FNDA:0,(anonymous_17)
FNDA:0,onUploadProgress
FNDA:0,(anonymous_19)
DA:1,1
DA:2,1
DA:3,1
DA:4,1
DA:5,1
DA:6,1
DA:8,1
DA:12,9
DA:15,3
DA:23,3
DA:24,3
DA:25,3
DA:26,3
DA:30,0
DA:32,0
DA:33,0
DA:38,0
DA:39,0
DA:40,0
DA:42,0
DA:45,0
DA:46,0
DA:47,0
DA:48,0
DA:49,0
DA:53,0
DA:54,0
DA:55,0
DA:56,0
DA:57,0
DA:58,0
DA:62,0
DA:68,0
DA:70,0
DA:71,0
DA:77,0
DA:78,0
DA:79,0
DA:80,0
DA:81,0
DA:84,0
DA:88,0
DA:89,0
DA:90,0
DA:96,3
LF:45
LH:14
BRDA:8,0,0,1
BRDA:8,0,1,0
BRDA:8,0,2,0
BRDA:8,0,3,0
BRDA:12,1,0,3
BRDA:12,1,1,0
BRDA:38,2,0,0
BRDA:38,2,1,0
BRDA:54,3,0,0
BRDA:54,3,1,0
BRDA:112,4,0,0
BRDA:112,4,1,3
BRF:12
BRH:3
end_of_record
TN:
SF:/home/rabbit/Media/UH/COSC4354/ne/sdp3/code/app/frontend/src/components/Results.js
FNF:0
FNH:0
DA:1,1
DA:2,1
DA:4,1
DA:5,1
DA:9,3
DA:28,3
LF:6
LH:6
BRF:0
BRH:0
end_of_record
TN:
SF:/home/rabbit/Media/UH/COSC4354/ne/sdp3/code/app/frontend/src/components/Thanks.js
FNF:0
FNH:0
DA:1,1
DA:2,1
DA:8,1
LF:3
LH:3
BRF:0
BRH:0
end_of_record
TN:
SF:/home/rabbit/Media/UH/COSC4354/ne/sdp3/code/app/frontend/src/components/Video.js
FNF:0
FNH:0
DA:1,1
DA:2,1
DA:4,1
DA:5,1
DA:10,4
LF:5
LH:5
BRF:0
BRH:0
end_of_record
TN:
SF:/home/rabbit/Media/UH/COSC4354/ne/sdp3/code/app/frontend/src/components/Webcam.js
FN:4,Webcam
FNF:1
FNH:1
FNDA:3,Webcam
DA:1,1
DA:4,6
DA:9,3
LF:3
LH:3
BRDA:4,0,0,3
BRDA:4,0,1,0
BRF:2
BRH:1
end_of_record
